GowinSynthesis start
Running parser ...
Analyzing Verilog file 'D:\Designs\Altium\RF_1240MHZ_Receiver\FPGA_Files\src\Audio_Controller.v'
Analyzing Verilog file 'D:\Designs\Altium\RF_1240MHZ_Receiver\FPGA_Files\src\RF_Main.v'
Undeclared symbol 'safe_audio_out', assumed default net type 'wire'("D:\Designs\Altium\RF_1240MHZ_Receiver\FPGA_Files\src\RF_Main.v":98)
WARN  (EX3638) : 'safe_audio_out' is already implicitly declared on line 98("D:\Designs\Altium\RF_1240MHZ_Receiver\FPGA_Files\src\RF_Main.v":792)
Analyzing Verilog file 'D:\Designs\Altium\RF_1240MHZ_Receiver\FPGA_Files\src\UART.v'
Analyzing Verilog file 'D:\Designs\Altium\RF_1240MHZ_Receiver\FPGA_Files\src\cordic\cordic.v'
Analyzing Verilog file 'D:\Designs\Altium\RF_1240MHZ_Receiver\FPGA_Files\src\fft\fft.v'
Analyzing Verilog file 'D:\Designs\Altium\RF_1240MHZ_Receiver\FPGA_Files\src\gowin_rpll\gowin_rpll.v'
Analyzing Verilog file 'D:\Designs\Altium\RF_1240MHZ_Receiver\FPGA_Files\src\gowin_rpll_sampling\gowin_rpll_Sampling.v'
Analyzing Verilog file 'D:\Designs\Altium\RF_1240MHZ_Receiver\FPGA_Files\src\gowin_sdpb_fft\gowin_sdpb_fft.v'
Analyzing Verilog file 'D:\Designs\Altium\RF_1240MHZ_Receiver\FPGA_Files\src\gowin_sdpb_vram\gowin_sdpb_vram.v'
Compiling module 'RF_main'("D:\Designs\Altium\RF_1240MHZ_Receiver\FPGA_Files\src\RF_Main.v":1)
Compiling module 'Gowin_rPLL'("D:\Designs\Altium\RF_1240MHZ_Receiver\FPGA_Files\src\gowin_rpll\gowin_rpll.v":10)
Compiling module 'Gowin_rPLL_sampling'("D:\Designs\Altium\RF_1240MHZ_Receiver\FPGA_Files\src\gowin_rpll_sampling\gowin_rpll_Sampling.v":10)
Compiling module 'UART_Controller(CLOCK_FREQ=20250000)'("D:\Designs\Altium\RF_1240MHZ_Receiver\FPGA_Files\src\UART.v":1)
WARN  (EX3791) : Expression size 5 truncated to fit in target size 4("D:\Designs\Altium\RF_1240MHZ_Receiver\FPGA_Files\src\UART.v":70)
WARN  (EX3791) : Expression size 5 truncated to fit in target size 4("D:\Designs\Altium\RF_1240MHZ_Receiver\FPGA_Files\src\UART.v":107)
Compiling module 'Audio_Controller'("D:\Designs\Altium\RF_1240MHZ_Receiver\FPGA_Files\src\Audio_Controller.v":1)
WARN  (EX3791) : Expression size 5 truncated to fit in target size 4("D:\Designs\Altium\RF_1240MHZ_Receiver\FPGA_Files\src\Audio_Controller.v":25)
WARN  (EX3791) : Expression size 25 truncated to fit in target size 24("D:\Designs\Altium\RF_1240MHZ_Receiver\FPGA_Files\src\Audio_Controller.v":46)
WARN  (EX3791) : Expression size 7 truncated to fit in target size 6("D:\Designs\Altium\RF_1240MHZ_Receiver\FPGA_Files\src\Audio_Controller.v":75)
WARN  (EX3791) : Expression size 21 truncated to fit in target size 20("D:\Designs\Altium\RF_1240MHZ_Receiver\FPGA_Files\src\RF_Main.v":121)
WARN  (EX3791) : Expression size 27 truncated to fit in target size 26("D:\Designs\Altium\RF_1240MHZ_Receiver\FPGA_Files\src\RF_Main.v":159)
WARN  (EX3791) : Expression size 22 truncated to fit in target size 21("D:\Designs\Altium\RF_1240MHZ_Receiver\FPGA_Files\src\RF_Main.v":177)
WARN  (EX3791) : Expression size 11 truncated to fit in target size 10("D:\Designs\Altium\RF_1240MHZ_Receiver\FPGA_Files\src\RF_Main.v":272)
Compiling module 'Gowin_SDPB_fft'("D:\Designs\Altium\RF_1240MHZ_Receiver\FPGA_Files\src\gowin_sdpb_fft\gowin_sdpb_fft.v":10)
Compiling module '**'("D:\Designs\Altium\RF_1240MHZ_Receiver\FPGA_Files\src\fft\fft.v":3231)
WARN  (EX3791) : Expression size 11 truncated to fit in target size 10("D:\Designs\Altium\RF_1240MHZ_Receiver\FPGA_Files\src\RF_Main.v":353)
Compiling module 'Gowin_SDPB_vram'("D:\Designs\Altium\RF_1240MHZ_Receiver\FPGA_Files\src\gowin_sdpb_vram\gowin_sdpb_vram.v":10)
WARN  (EX3791) : Expression size 21 truncated to fit in target size 20("D:\Designs\Altium\RF_1240MHZ_Receiver\FPGA_Files\src\RF_Main.v":431)
WARN  (EX3791) : Expression size 12 truncated to fit in target size 11("D:\Designs\Altium\RF_1240MHZ_Receiver\FPGA_Files\src\RF_Main.v":538)
Compiling module '**'("D:\Designs\Altium\RF_1240MHZ_Receiver\FPGA_Files\src\cordic\cordic.v":4255)
WARN  (EX3791) : Expression size 10 truncated to fit in target size 9("D:\Designs\Altium\RF_1240MHZ_Receiver\FPGA_Files\src\RF_Main.v":719)
WARN  (EX3791) : Expression size 17 truncated to fit in target size 16("D:\Designs\Altium\RF_1240MHZ_Receiver\FPGA_Files\src\RF_Main.v":816)
WARN  (EX1998) : Net 'agc_gain[0]' does not have a driver("D:\Designs\Altium\RF_1240MHZ_Receiver\FPGA_Files\src\RF_Main.v":779)
NOTE  (EX0101) : Current top module is "RF_main"
[5%] Running netlist conversion ...
WARN  (CV0016) : Input adc_otr is unused("D:\Designs\Altium\RF_1240MHZ_Receiver\FPGA_Files\src\RF_Main.v":7)
WARN  (CV0016) : Input adf_mux is unused("D:\Designs\Altium\RF_1240MHZ_Receiver\FPGA_Files\src\RF_Main.v":15)
WARN  (CV0016) : Input adf_ld is unused("D:\Designs\Altium\RF_1240MHZ_Receiver\FPGA_Files\src\RF_Main.v":16)
Running device independent optimization ...
WARN  (DI0002) : Asynchronous register "relay_gain" initial values do not match with the Gowin library, simulation mismatch possible("D:\Designs\Altium\RF_1240MHZ_Receiver\FPGA_Files\src\RF_Main.v":247)
[10%] Optimizing Phase 0 completed
[15%] Optimizing Phase 1 completed
[25%] Optimizing Phase 2 completed
Running inference ...
[30%] Inferring Phase 0 completed
[40%] Inferring Phase 1 completed
[50%] Inferring Phase 2 completed
[55%] Inferring Phase 3 completed
Running technical mapping ...
[60%] Tech-Mapping Phase 0 completed
[65%] Tech-Mapping Phase 1 completed
[75%] Tech-Mapping Phase 2 completed
[80%] Tech-Mapping Phase 3 completed
[90%] Tech-Mapping Phase 4 completed
[95%] Generate netlist file "D:\Designs\Altium\RF_1240MHZ_Receiver\FPGA_Files\impl\gwsynthesis\RF-Reciever.vg" completed
[100%] Generate report file "D:\Designs\Altium\RF_1240MHZ_Receiver\FPGA_Files\impl\gwsynthesis\RF-Reciever_syn.rpt.html" completed
GowinSynthesis finish
