Reading netlist file: "D:\Designs\Altium\RF_1240MHZ_Receiver\FPGA_Files\impl\gwsynthesis\RF-Reciever.vg"
Parsing netlist file "D:\Designs\Altium\RF_1240MHZ_Receiver\FPGA_Files\impl\gwsynthesis\RF-Reciever.vg" completed
Processing netlist completed
Reading constraint file: "D:\Designs\Altium\RF_1240MHZ_Receiver\FPGA_Files\src\RF.cst"
Physical Constraint parsed completed
Running placement......
[10%] Placement Phase 0 completed
[20%] Placement Phase 1 completed
[30%] Placement Phase 2 completed
[50%] Placement Phase 3 completed
Running routing......
[60%] Routing Phase 0 completed
[70%] Routing Phase 1 completed
[80%] Routing Phase 2 completed
[90%] Routing Phase 3 completed
Running timing analysis......
[95%] Timing analysis completed
Placement and routing completed
Bitstream generation in progress......
Bitstream generation completed
Running power analysis......
[100%] Power analysis completed
Generate file "D:\Designs\Altium\RF_1240MHZ_Receiver\FPGA_Files\impl\pnr\RF-Reciever.power.html" completed
Generate file "D:\Designs\Altium\RF_1240MHZ_Receiver\FPGA_Files\impl\pnr\RF-Reciever.pin.html" completed
Generate file "D:\Designs\Altium\RF_1240MHZ_Receiver\FPGA_Files\impl\pnr\RF-Reciever.rpt.html" completed
Generate file "D:\Designs\Altium\RF_1240MHZ_Receiver\FPGA_Files\impl\pnr\RF-Reciever.rpt.txt" completed
Generate file "D:\Designs\Altium\RF_1240MHZ_Receiver\FPGA_Files\impl\pnr\RF-Reciever.tr.html" completed
Wed Apr  1 19:57:17 2026

